2020-10-06 14:38:55 [http-nio-8081-exec-4] DEBUG com.example.demo.service.MyService - User Hits "/adddealer" End Point
2020-10-06 15:25:20 [http-nio-8081-exec-7] DEBUG com.example.demo.service.MyService - User Hits "/adddealer" End Point
2020-10-06 15:36:27 [main] INFO  c.e.demo.FirstProjectApplication - Starting FirstProjectApplication on DESKTOP-MVHKA3V with PID 11148 (G:\Work_folder\Spring\firstProject\target\classes started by tanmo in G:\Work_folder\Spring\firstProject)
2020-10-06 15:36:27 [main] DEBUG c.e.demo.FirstProjectApplication - Running with Spring Boot v2.3.4.RELEASE, Spring v5.2.9.RELEASE
2020-10-06 15:36:27 [main] INFO  c.e.demo.FirstProjectApplication - No active profile set, falling back to default profiles: default
2020-10-06 15:36:30 [main] INFO  c.e.demo.FirstProjectApplication - Started FirstProjectApplication in 3.048 seconds (JVM running for 3.934)
2020-10-06 15:36:30 [main] INFO  c.e.demo.FirstProjectApplication - Main method executed..
2020-10-06 15:36:38 [http-nio-8081-exec-2] DEBUG com.example.demo.service.MyService - User Hits "/adddealer" End Point
2020-10-06 15:36:48 [http-nio-8081-exec-4] DEBUG com.example.demo.service.MyService - User Hits "/adddealer" End Point
2020-10-06 15:36:55 [http-nio-8081-exec-6] DEBUG com.example.demo.service.MyService - User Hits "/adddealer" End Point
2020-10-06 15:36:55 [http-nio-8081-exec-6] INFO  com.example.demo.service.MyService - addDealer() Executed
2020-10-06 15:49:11 [main] INFO  c.e.demo.FirstProjectApplication - Starting FirstProjectApplication on DESKTOP-MVHKA3V with PID 16248 (G:\Work_folder\Spring\firstProject\target\classes started by tanmo in G:\Work_folder\Spring\firstProject)
2020-10-06 15:49:11 [main] DEBUG c.e.demo.FirstProjectApplication - Running with Spring Boot v2.3.4.RELEASE, Spring v5.2.9.RELEASE
2020-10-06 15:49:11 [main] INFO  c.e.demo.FirstProjectApplication - No active profile set, falling back to default profiles: default
2020-10-06 15:49:14 [main] INFO  c.e.demo.FirstProjectApplication - Started FirstProjectApplication in 3.089 seconds (JVM running for 3.98)
2020-10-06 15:49:14 [main] INFO  c.e.demo.FirstProjectApplication - Main method executed..
2020-10-06 15:49:46 [http-nio-8081-exec-1] DEBUG com.example.demo.service.MyService - User Hits "/adddealer" End Point
2020-10-06 15:49:46 [http-nio-8081-exec-1] INFO  com.example.demo.service.MyService - addDealer() Executed
2020-10-06 15:49:50 [http-nio-8081-exec-3] DEBUG com.example.demo.service.MyService - User Hits "/adddealer" End Point
2020-10-06 15:50:57 [main] INFO  c.e.demo.FirstProjectApplication - Starting FirstProjectApplication on DESKTOP-MVHKA3V with PID 12248 (G:\Work_folder\Spring\firstProject\target\classes started by tanmo in G:\Work_folder\Spring\firstProject)
2020-10-06 15:50:57 [main] DEBUG c.e.demo.FirstProjectApplication - Running with Spring Boot v2.3.4.RELEASE, Spring v5.2.9.RELEASE
2020-10-06 15:50:57 [main] INFO  c.e.demo.FirstProjectApplication - No active profile set, falling back to default profiles: default
2020-10-06 15:51:00 [main] INFO  c.e.demo.FirstProjectApplication - Started FirstProjectApplication in 3.069 seconds (JVM running for 3.95)
2020-10-06 15:51:00 [main] INFO  c.e.demo.FirstProjectApplication - Main method executed..
2020-10-06 15:51:06 [http-nio-8081-exec-1] DEBUG com.example.demo.service.MyService - User Hits "/adddealer" End Point
2020-10-06 15:51:08 [http-nio-8081-exec-4] DEBUG com.example.demo.service.MyService - User Hits "/adddealer" End Point
2020-10-06 15:52:24 [main] INFO  c.e.demo.FirstProjectApplication - Starting FirstProjectApplication on DESKTOP-MVHKA3V with PID 2728 (G:\Work_folder\Spring\firstProject\target\classes started by tanmo in G:\Work_folder\Spring\firstProject)
2020-10-06 15:52:24 [main] DEBUG c.e.demo.FirstProjectApplication - Running with Spring Boot v2.3.4.RELEASE, Spring v5.2.9.RELEASE
2020-10-06 15:52:24 [main] INFO  c.e.demo.FirstProjectApplication - No active profile set, falling back to default profiles: default
2020-10-06 15:52:27 [main] INFO  c.e.demo.FirstProjectApplication - Started FirstProjectApplication in 3.123 seconds (JVM running for 4.021)
2020-10-06 15:52:27 [main] INFO  c.e.demo.FirstProjectApplication - Main method executed..
2020-10-06 15:52:29 [http-nio-8081-exec-1] DEBUG com.example.demo.service.MyService - User Hits "/adddealer" End Point
2020-10-06 15:54:12 [http-nio-8081-exec-4] DEBUG com.example.demo.service.MyService - User Hits "/adddealer" End Point
2020-10-06 15:54:12 [http-nio-8081-exec-4] INFO  com.example.demo.service.MyService - addDealer() Executed
2020-10-06 15:54:23 [http-nio-8081-exec-5] DEBUG com.example.demo.service.MyService - User Hits "/adddealer" End Point
2020-10-06 15:56:50 [main] INFO  c.e.d.FirstProjectApplicationTests - Starting FirstProjectApplicationTests on DESKTOP-MVHKA3V with PID 16296 (started by tanmo in G:\Work_folder\Spring\firstProject)
2020-10-06 15:56:50 [main] DEBUG c.e.d.FirstProjectApplicationTests - Running with Spring Boot v2.3.4.RELEASE, Spring v5.2.9.RELEASE
2020-10-06 15:56:50 [main] INFO  c.e.d.FirstProjectApplicationTests - No active profile set, falling back to default profiles: default
2020-10-06 15:56:57 [main] INFO  c.e.d.FirstProjectApplicationTests - Started FirstProjectApplicationTests in 7.495 seconds (JVM running for 10.002)
2020-10-06 16:03:54 [main] INFO  c.e.d.FirstProjectApplicationTests - Starting FirstProjectApplicationTests on DESKTOP-MVHKA3V with PID 5192 (started by tanmo in G:\Work_folder\Spring\firstProject)
2020-10-06 16:03:54 [main] DEBUG c.e.d.FirstProjectApplicationTests - Running with Spring Boot v2.3.4.RELEASE, Spring v5.2.9.RELEASE
2020-10-06 16:03:54 [main] INFO  c.e.d.FirstProjectApplicationTests - No active profile set, falling back to default profiles: default
2020-10-06 16:04:06 [main] INFO  c.e.d.FirstProjectApplicationTests - Started FirstProjectApplicationTests in 12.692 seconds (JVM running for 15.933)
2020-10-06 16:04:43 [http-nio-8081-exec-7] DEBUG com.example.demo.service.MyService - User Hits "/adddealer" End Point
2020-10-06 16:04:48 [http-nio-8081-exec-9] DEBUG com.example.demo.service.MyService - User Hits "/adddealer" End Point
2020-10-06 16:04:48 [http-nio-8081-exec-9] INFO  com.example.demo.service.MyService - addDealer() Executed
2020-10-06 16:24:44 [http-nio-8081-exec-1] DEBUG com.example.demo.service.MyService - User Hits "/adddealer" End Point
2020-10-06 16:24:44 [http-nio-8081-exec-1] INFO  com.example.demo.service.MyService - addDealer() Executed
2020-10-06 16:27:45 [http-nio-8081-exec-4] DEBUG com.example.demo.service.MyService - User Hits "/adddealer" End Point
